<?xml version="1.0" encoding="UTF-8"?>
<testsuite xmlns:xsi="http://www.w3.org/2001/XMLSchema-instance" xsi:noNamespaceSchemaLocation="https://maven.apache.org/surefire/maven-surefire-plugin/xsd/surefire-test-report-3.0.xsd" version="3.0" name="TestSuite" time="47.871" tests="33" errors="0" skipped="0" failures="3">
  <properties>
    <property name="sun.desktop" value="windows"/>
    <property name="awt.toolkit" value="sun.awt.windows.WToolkit"/>
    <property name="java.specification.version" value="11"/>
    <property name="sun.cpu.isalist" value="amd64"/>
    <property name="sun.jnu.encoding" value="Cp1252"/>
    <property name="java.class.path" value="E:\eclipse workspace\RestAssuredRestAPITesting_Employee_Project\target\test-classes;E:\eclipse workspace\RestAssuredRestAPITesting_Employee_Project\target\classes;C:\Users\manjeeri\.m2\repository\io\rest-assured\rest-assured\4.4.0\rest-assured-4.4.0.jar;C:\Users\manjeeri\.m2\repository\org\codehaus\groovy\groovy\3.0.8\groovy-3.0.8.jar;C:\Users\manjeeri\.m2\repository\org\codehaus\groovy\groovy-xml\3.0.8\groovy-xml-3.0.8.jar;C:\Users\manjeeri\.m2\repository\org\apache\httpcomponents\httpclient\4.5.13\httpclient-4.5.13.jar;C:\Users\manjeeri\.m2\repository\org\apache\httpcomponents\httpcore\4.4.13\httpcore-4.4.13.jar;C:\Users\manjeeri\.m2\repository\commons-logging\commons-logging\1.2\commons-logging-1.2.jar;C:\Users\manjeeri\.m2\repository\org\apache\httpcomponents\httpmime\4.5.13\httpmime-4.5.13.jar;C:\Users\manjeeri\.m2\repository\org\hamcrest\hamcrest\2.1\hamcrest-2.1.jar;C:\Users\manjeeri\.m2\repository\org\ccil\cowan\tagsoup\tagsoup\1.2.1\tagsoup-1.2.1.jar;C:\Users\manjeeri\.m2\repository\io\rest-assured\json-path\4.4.0\json-path-4.4.0.jar;C:\Users\manjeeri\.m2\repository\org\codehaus\groovy\groovy-json\3.0.8\groovy-json-3.0.8.jar;C:\Users\manjeeri\.m2\repository\io\rest-assured\rest-assured-common\4.4.0\rest-assured-common-4.4.0.jar;C:\Users\manjeeri\.m2\repository\io\rest-assured\xml-path\4.4.0\xml-path-4.4.0.jar;C:\Users\manjeeri\.m2\repository\org\apache\commons\commons-lang3\3.11\commons-lang3-3.11.jar;C:\Users\manjeeri\.m2\repository\jakarta\xml\bind\jakarta.xml.bind-api\2.3.3\jakarta.xml.bind-api-2.3.3.jar;C:\Users\manjeeri\.m2\repository\jakarta\activation\jakarta.activation-api\1.2.2\jakarta.activation-api-1.2.2.jar;C:\Users\manjeeri\.m2\repository\com\sun\xml\bind\jaxb-impl\2.3.3\jaxb-impl-2.3.3.jar;C:\Users\manjeeri\.m2\repository\org\testng\testng\7.4.0\testng-7.4.0.jar;C:\Users\manjeeri\.m2\repository\com\beust\jcommander\1.78\jcommander-1.78.jar;C:\Users\manjeeri\.m2\repository\org\webjars\jquery\3.5.1\jquery-3.5.1.jar;C:\Users\manjeeri\.m2\repository\com\googlecode\json-simple\json-simple\1.1.1\json-simple-1.1.1.jar;C:\Users\manjeeri\.m2\repository\junit\junit\4.10\junit-4.10.jar;C:\Users\manjeeri\.m2\repository\org\hamcrest\hamcrest-core\1.1\hamcrest-core-1.1.jar;C:\Users\manjeeri\.m2\repository\org\apache\poi\poi\5.0.0\poi-5.0.0.jar;C:\Users\manjeeri\.m2\repository\org\slf4j\slf4j-api\1.7.30\slf4j-api-1.7.30.jar;C:\Users\manjeeri\.m2\repository\org\slf4j\jcl-over-slf4j\1.7.30\jcl-over-slf4j-1.7.30.jar;C:\Users\manjeeri\.m2\repository\commons-codec\commons-codec\1.15\commons-codec-1.15.jar;C:\Users\manjeeri\.m2\repository\org\apache\commons\commons-collections4\4.4\commons-collections4-4.4.jar;C:\Users\manjeeri\.m2\repository\org\apache\commons\commons-math3\3.6.1\commons-math3-3.6.1.jar;C:\Users\manjeeri\.m2\repository\com\zaxxer\SparseBitSet\1.2\SparseBitSet-1.2.jar;C:\Users\manjeeri\.m2\repository\org\apache\poi\poi-ooxml\5.0.0\poi-ooxml-5.0.0.jar;C:\Users\manjeeri\.m2\repository\org\apache\poi\poi-ooxml-lite\5.0.0\poi-ooxml-lite-5.0.0.jar;C:\Users\manjeeri\.m2\repository\org\apache\xmlbeans\xmlbeans\4.0.0\xmlbeans-4.0.0.jar;C:\Users\manjeeri\.m2\repository\org\apache\commons\commons-compress\1.20\commons-compress-1.20.jar;C:\Users\manjeeri\.m2\repository\com\github\virtuald\curvesapi\1.06\curvesapi-1.06.jar;C:\Users\manjeeri\.m2\repository\org\bouncycastle\bcpkix-jdk15on\1.68\bcpkix-jdk15on-1.68.jar;C:\Users\manjeeri\.m2\repository\org\bouncycastle\bcprov-jdk15on\1.68\bcprov-jdk15on-1.68.jar;C:\Users\manjeeri\.m2\repository\org\apache\santuario\xmlsec\2.2.1\xmlsec-2.2.1.jar;C:\Users\manjeeri\.m2\repository\com\fasterxml\woodstox\woodstox-core\5.2.1\woodstox-core-5.2.1.jar;C:\Users\manjeeri\.m2\repository\org\codehaus\woodstox\stax2-api\4.2\stax2-api-4.2.jar;C:\Users\manjeeri\.m2\repository\org\apache\xmlgraphics\batik-all\1.13\batik-all-1.13.jar;C:\Users\manjeeri\.m2\repository\org\apache\xmlgraphics\batik-anim\1.13\batik-anim-1.13.jar;C:\Users\manjeeri\.m2\repository\org\apache\xmlgraphics\batik-shared-resources\1.13\batik-shared-resources-1.13.jar;C:\Users\manjeeri\.m2\repository\xml-apis\xml-apis-ext\1.3.04\xml-apis-ext-1.3.04.jar;C:\Users\manjeeri\.m2\repository\org\apache\xmlgraphics\batik-awt-util\1.13\batik-awt-util-1.13.jar;C:\Users\manjeeri\.m2\repository\org\apache\xmlgraphics\xmlgraphics-commons\2.4\xmlgraphics-commons-2.4.jar;C:\Users\manjeeri\.m2\repository\commons-io\commons-io\1.3.1\commons-io-1.3.1.jar;C:\Users\manjeeri\.m2\repository\org\apache\xmlgraphics\batik-bridge\1.13\batik-bridge-1.13.jar;C:\Users\manjeeri\.m2\repository\org\apache\xmlgraphics\batik-codec\1.13\batik-codec-1.13.jar;C:\Users\manjeeri\.m2\repository\org\apache\xmlgraphics\batik-constants\1.13\batik-constants-1.13.jar;C:\Users\manjeeri\.m2\repository\org\apache\xmlgraphics\batik-css\1.13\batik-css-1.13.jar;C:\Users\manjeeri\.m2\repository\org\apache\xmlgraphics\batik-dom\1.13\batik-dom-1.13.jar;C:\Users\manjeeri\.m2\repository\xalan\xalan\2.7.2\xalan-2.7.2.jar;C:\Users\manjeeri\.m2\repository\xalan\serializer\2.7.2\serializer-2.7.2.jar;C:\Users\manjeeri\.m2\repository\xml-apis\xml-apis\1.4.01\xml-apis-1.4.01.jar;C:\Users\manjeeri\.m2\repository\org\apache\xmlgraphics\batik-ext\1.13\batik-ext-1.13.jar;C:\Users\manjeeri\.m2\repository\org\apache\xmlgraphics\batik-extension\1.13\batik-extension-1.13.jar;C:\Users\manjeeri\.m2\repository\org\apache\xmlgraphics\batik-gui-util\1.13\batik-gui-util-1.13.jar;C:\Users\manjeeri\.m2\repository\org\apache\xmlgraphics\batik-gvt\1.13\batik-gvt-1.13.jar;C:\Users\manjeeri\.m2\repository\org\apache\xmlgraphics\batik-i18n\1.13\batik-i18n-1.13.jar;C:\Users\manjeeri\.m2\repository\org\apache\xmlgraphics\batik-parser\1.13\batik-parser-1.13.jar;C:\Users\manjeeri\.m2\repository\org\apache\xmlgraphics\batik-rasterizer-ext\1.13\batik-rasterizer-ext-1.13.jar;C:\Users\manjeeri\.m2\repository\org\apache\xmlgraphics\batik-rasterizer\1.13\batik-rasterizer-1.13.jar;C:\Users\manjeeri\.m2\repository\org\apache\xmlgraphics\batik-script\1.13\batik-script-1.13.jar;C:\Users\manjeeri\.m2\repository\org\apache\xmlgraphics\batik-slideshow\1.13\batik-slideshow-1.13.jar;C:\Users\manjeeri\.m2\repository\org\apache\xmlgraphics\batik-squiggle-ext\1.13\batik-squiggle-ext-1.13.jar;C:\Users\manjeeri\.m2\repository\org\apache\xmlgraphics\batik-squiggle\1.13\batik-squiggle-1.13.jar;C:\Users\manjeeri\.m2\repository\org\apache\xmlgraphics\batik-svg-dom\1.13\batik-svg-dom-1.13.jar;C:\Users\manjeeri\.m2\repository\org\apache\xmlgraphics\batik-svgbrowser\1.13\batik-svgbrowser-1.13.jar;C:\Users\manjeeri\.m2\repository\org\apache\xmlgraphics\batik-svggen\1.13\batik-svggen-1.13.jar;C:\Users\manjeeri\.m2\repository\org\apache\xmlgraphics\batik-svgpp\1.13\batik-svgpp-1.13.jar;C:\Users\manjeeri\.m2\repository\org\apache\xmlgraphics\batik-svgrasterizer\1.13\batik-svgrasterizer-1.13.jar;C:\Users\manjeeri\.m2\repository\org\apache\xmlgraphics\batik-swing\1.13\batik-swing-1.13.jar;C:\Users\manjeeri\.m2\repository\org\apache\xmlgraphics\batik-transcoder\1.13\batik-transcoder-1.13.jar;C:\Users\manjeeri\.m2\repository\org\apache\xmlgraphics\batik-util\1.13\batik-util-1.13.jar;C:\Users\manjeeri\.m2\repository\org\apache\xmlgraphics\batik-ttf2svg\1.13\batik-ttf2svg-1.13.jar;C:\Users\manjeeri\.m2\repository\org\apache\xmlgraphics\batik-xml\1.13\batik-xml-1.13.jar;C:\Users\manjeeri\.m2\repository\de\rototor\pdfbox\graphics2d\0.30\graphics2d-0.30.jar;C:\Users\manjeeri\.m2\repository\org\apache\pdfbox\pdfbox\2.0.22\pdfbox-2.0.22.jar;C:\Users\manjeeri\.m2\repository\org\apache\pdfbox\fontbox\2.0.22\fontbox-2.0.22.jar;C:\Users\manjeeri\.m2\repository\log4j\log4j\1.2.17\log4j-1.2.17.jar;C:\Users\manjeeri\.m2\repository\com\aventstack\extentreports\3.0.0\extentreports-3.0.0.jar;C:\Users\manjeeri\.m2\repository\org\freemarker\freemarker\2.3.23\freemarker-2.3.23.jar;C:\Users\manjeeri\.m2\repository\org\mongodb\mongodb-driver\3.3.0\mongodb-driver-3.3.0.jar;C:\Users\manjeeri\.m2\repository\org\mongodb\bson\3.3.0\bson-3.3.0.jar;C:\Users\manjeeri\.m2\repository\org\mongodb\mongodb-driver-core\3.3.0\mongodb-driver-core-3.3.0.jar;"/>
    <property name="java.vm.vendor" value="Oracle Corporation"/>
    <property name="sun.arch.data.model" value="64"/>
    <property name="user.variant" value=""/>
    <property name="java.vendor.url" value="http://java.oracle.com/"/>
    <property name="user.timezone" value="America/Los_Angeles"/>
    <property name="java.vm.specification.version" value="11"/>
    <property name="os.name" value="Windows 10"/>
    <property name="sun.java.launcher" value="SUN_STANDARD"/>
    <property name="user.country" value="US"/>
    <property name="sun.boot.library.path" value="D:\Java\jdk-11.0.2_windows-x64_bin\jdk-11.0.2\bin"/>
    <property name="sun.java.command" value="C:\Users\manjeeri\AppData\Local\Temp\surefire13637009093801663657\surefirebooter315863540211085823.jar C:\Users\manjeeri\AppData\Local\Temp\surefire13637009093801663657 2021-06-18T00-49-38_009-jvmRun1 surefire2738926732581092564tmp surefire_066834104945784495tmp"/>
    <property name="jdk.debug" value="release"/>
    <property name="surefire.test.class.path" value="E:\eclipse workspace\RestAssuredRestAPITesting_Employee_Project\target\test-classes;E:\eclipse workspace\RestAssuredRestAPITesting_Employee_Project\target\classes;C:\Users\manjeeri\.m2\repository\io\rest-assured\rest-assured\4.4.0\rest-assured-4.4.0.jar;C:\Users\manjeeri\.m2\repository\org\codehaus\groovy\groovy\3.0.8\groovy-3.0.8.jar;C:\Users\manjeeri\.m2\repository\org\codehaus\groovy\groovy-xml\3.0.8\groovy-xml-3.0.8.jar;C:\Users\manjeeri\.m2\repository\org\apache\httpcomponents\httpclient\4.5.13\httpclient-4.5.13.jar;C:\Users\manjeeri\.m2\repository\org\apache\httpcomponents\httpcore\4.4.13\httpcore-4.4.13.jar;C:\Users\manjeeri\.m2\repository\commons-logging\commons-logging\1.2\commons-logging-1.2.jar;C:\Users\manjeeri\.m2\repository\org\apache\httpcomponents\httpmime\4.5.13\httpmime-4.5.13.jar;C:\Users\manjeeri\.m2\repository\org\hamcrest\hamcrest\2.1\hamcrest-2.1.jar;C:\Users\manjeeri\.m2\repository\org\ccil\cowan\tagsoup\tagsoup\1.2.1\tagsoup-1.2.1.jar;C:\Users\manjeeri\.m2\repository\io\rest-assured\json-path\4.4.0\json-path-4.4.0.jar;C:\Users\manjeeri\.m2\repository\org\codehaus\groovy\groovy-json\3.0.8\groovy-json-3.0.8.jar;C:\Users\manjeeri\.m2\repository\io\rest-assured\rest-assured-common\4.4.0\rest-assured-common-4.4.0.jar;C:\Users\manjeeri\.m2\repository\io\rest-assured\xml-path\4.4.0\xml-path-4.4.0.jar;C:\Users\manjeeri\.m2\repository\org\apache\commons\commons-lang3\3.11\commons-lang3-3.11.jar;C:\Users\manjeeri\.m2\repository\jakarta\xml\bind\jakarta.xml.bind-api\2.3.3\jakarta.xml.bind-api-2.3.3.jar;C:\Users\manjeeri\.m2\repository\jakarta\activation\jakarta.activation-api\1.2.2\jakarta.activation-api-1.2.2.jar;C:\Users\manjeeri\.m2\repository\com\sun\xml\bind\jaxb-impl\2.3.3\jaxb-impl-2.3.3.jar;C:\Users\manjeeri\.m2\repository\org\testng\testng\7.4.0\testng-7.4.0.jar;C:\Users\manjeeri\.m2\repository\com\beust\jcommander\1.78\jcommander-1.78.jar;C:\Users\manjeeri\.m2\repository\org\webjars\jquery\3.5.1\jquery-3.5.1.jar;C:\Users\manjeeri\.m2\repository\com\googlecode\json-simple\json-simple\1.1.1\json-simple-1.1.1.jar;C:\Users\manjeeri\.m2\repository\junit\junit\4.10\junit-4.10.jar;C:\Users\manjeeri\.m2\repository\org\hamcrest\hamcrest-core\1.1\hamcrest-core-1.1.jar;C:\Users\manjeeri\.m2\repository\org\apache\poi\poi\5.0.0\poi-5.0.0.jar;C:\Users\manjeeri\.m2\repository\org\slf4j\slf4j-api\1.7.30\slf4j-api-1.7.30.jar;C:\Users\manjeeri\.m2\repository\org\slf4j\jcl-over-slf4j\1.7.30\jcl-over-slf4j-1.7.30.jar;C:\Users\manjeeri\.m2\repository\commons-codec\commons-codec\1.15\commons-codec-1.15.jar;C:\Users\manjeeri\.m2\repository\org\apache\commons\commons-collections4\4.4\commons-collections4-4.4.jar;C:\Users\manjeeri\.m2\repository\org\apache\commons\commons-math3\3.6.1\commons-math3-3.6.1.jar;C:\Users\manjeeri\.m2\repository\com\zaxxer\SparseBitSet\1.2\SparseBitSet-1.2.jar;C:\Users\manjeeri\.m2\repository\org\apache\poi\poi-ooxml\5.0.0\poi-ooxml-5.0.0.jar;C:\Users\manjeeri\.m2\repository\org\apache\poi\poi-ooxml-lite\5.0.0\poi-ooxml-lite-5.0.0.jar;C:\Users\manjeeri\.m2\repository\org\apache\xmlbeans\xmlbeans\4.0.0\xmlbeans-4.0.0.jar;C:\Users\manjeeri\.m2\repository\org\apache\commons\commons-compress\1.20\commons-compress-1.20.jar;C:\Users\manjeeri\.m2\repository\com\github\virtuald\curvesapi\1.06\curvesapi-1.06.jar;C:\Users\manjeeri\.m2\repository\org\bouncycastle\bcpkix-jdk15on\1.68\bcpkix-jdk15on-1.68.jar;C:\Users\manjeeri\.m2\repository\org\bouncycastle\bcprov-jdk15on\1.68\bcprov-jdk15on-1.68.jar;C:\Users\manjeeri\.m2\repository\org\apache\santuario\xmlsec\2.2.1\xmlsec-2.2.1.jar;C:\Users\manjeeri\.m2\repository\com\fasterxml\woodstox\woodstox-core\5.2.1\woodstox-core-5.2.1.jar;C:\Users\manjeeri\.m2\repository\org\codehaus\woodstox\stax2-api\4.2\stax2-api-4.2.jar;C:\Users\manjeeri\.m2\repository\org\apache\xmlgraphics\batik-all\1.13\batik-all-1.13.jar;C:\Users\manjeeri\.m2\repository\org\apache\xmlgraphics\batik-anim\1.13\batik-anim-1.13.jar;C:\Users\manjeeri\.m2\repository\org\apache\xmlgraphics\batik-shared-resources\1.13\batik-shared-resources-1.13.jar;C:\Users\manjeeri\.m2\repository\xml-apis\xml-apis-ext\1.3.04\xml-apis-ext-1.3.04.jar;C:\Users\manjeeri\.m2\repository\org\apache\xmlgraphics\batik-awt-util\1.13\batik-awt-util-1.13.jar;C:\Users\manjeeri\.m2\repository\org\apache\xmlgraphics\xmlgraphics-commons\2.4\xmlgraphics-commons-2.4.jar;C:\Users\manjeeri\.m2\repository\commons-io\commons-io\1.3.1\commons-io-1.3.1.jar;C:\Users\manjeeri\.m2\repository\org\apache\xmlgraphics\batik-bridge\1.13\batik-bridge-1.13.jar;C:\Users\manjeeri\.m2\repository\org\apache\xmlgraphics\batik-codec\1.13\batik-codec-1.13.jar;C:\Users\manjeeri\.m2\repository\org\apache\xmlgraphics\batik-constants\1.13\batik-constants-1.13.jar;C:\Users\manjeeri\.m2\repository\org\apache\xmlgraphics\batik-css\1.13\batik-css-1.13.jar;C:\Users\manjeeri\.m2\repository\org\apache\xmlgraphics\batik-dom\1.13\batik-dom-1.13.jar;C:\Users\manjeeri\.m2\repository\xalan\xalan\2.7.2\xalan-2.7.2.jar;C:\Users\manjeeri\.m2\repository\xalan\serializer\2.7.2\serializer-2.7.2.jar;C:\Users\manjeeri\.m2\repository\xml-apis\xml-apis\1.4.01\xml-apis-1.4.01.jar;C:\Users\manjeeri\.m2\repository\org\apache\xmlgraphics\batik-ext\1.13\batik-ext-1.13.jar;C:\Users\manjeeri\.m2\repository\org\apache\xmlgraphics\batik-extension\1.13\batik-extension-1.13.jar;C:\Users\manjeeri\.m2\repository\org\apache\xmlgraphics\batik-gui-util\1.13\batik-gui-util-1.13.jar;C:\Users\manjeeri\.m2\repository\org\apache\xmlgraphics\batik-gvt\1.13\batik-gvt-1.13.jar;C:\Users\manjeeri\.m2\repository\org\apache\xmlgraphics\batik-i18n\1.13\batik-i18n-1.13.jar;C:\Users\manjeeri\.m2\repository\org\apache\xmlgraphics\batik-parser\1.13\batik-parser-1.13.jar;C:\Users\manjeeri\.m2\repository\org\apache\xmlgraphics\batik-rasterizer-ext\1.13\batik-rasterizer-ext-1.13.jar;C:\Users\manjeeri\.m2\repository\org\apache\xmlgraphics\batik-rasterizer\1.13\batik-rasterizer-1.13.jar;C:\Users\manjeeri\.m2\repository\org\apache\xmlgraphics\batik-script\1.13\batik-script-1.13.jar;C:\Users\manjeeri\.m2\repository\org\apache\xmlgraphics\batik-slideshow\1.13\batik-slideshow-1.13.jar;C:\Users\manjeeri\.m2\repository\org\apache\xmlgraphics\batik-squiggle-ext\1.13\batik-squiggle-ext-1.13.jar;C:\Users\manjeeri\.m2\repository\org\apache\xmlgraphics\batik-squiggle\1.13\batik-squiggle-1.13.jar;C:\Users\manjeeri\.m2\repository\org\apache\xmlgraphics\batik-svg-dom\1.13\batik-svg-dom-1.13.jar;C:\Users\manjeeri\.m2\repository\org\apache\xmlgraphics\batik-svgbrowser\1.13\batik-svgbrowser-1.13.jar;C:\Users\manjeeri\.m2\repository\org\apache\xmlgraphics\batik-svggen\1.13\batik-svggen-1.13.jar;C:\Users\manjeeri\.m2\repository\org\apache\xmlgraphics\batik-svgpp\1.13\batik-svgpp-1.13.jar;C:\Users\manjeeri\.m2\repository\org\apache\xmlgraphics\batik-svgrasterizer\1.13\batik-svgrasterizer-1.13.jar;C:\Users\manjeeri\.m2\repository\org\apache\xmlgraphics\batik-swing\1.13\batik-swing-1.13.jar;C:\Users\manjeeri\.m2\repository\org\apache\xmlgraphics\batik-transcoder\1.13\batik-transcoder-1.13.jar;C:\Users\manjeeri\.m2\repository\org\apache\xmlgraphics\batik-util\1.13\batik-util-1.13.jar;C:\Users\manjeeri\.m2\repository\org\apache\xmlgraphics\batik-ttf2svg\1.13\batik-ttf2svg-1.13.jar;C:\Users\manjeeri\.m2\repository\org\apache\xmlgraphics\batik-xml\1.13\batik-xml-1.13.jar;C:\Users\manjeeri\.m2\repository\de\rototor\pdfbox\graphics2d\0.30\graphics2d-0.30.jar;C:\Users\manjeeri\.m2\repository\org\apache\pdfbox\pdfbox\2.0.22\pdfbox-2.0.22.jar;C:\Users\manjeeri\.m2\repository\org\apache\pdfbox\fontbox\2.0.22\fontbox-2.0.22.jar;C:\Users\manjeeri\.m2\repository\log4j\log4j\1.2.17\log4j-1.2.17.jar;C:\Users\manjeeri\.m2\repository\com\aventstack\extentreports\3.0.0\extentreports-3.0.0.jar;C:\Users\manjeeri\.m2\repository\org\freemarker\freemarker\2.3.23\freemarker-2.3.23.jar;C:\Users\manjeeri\.m2\repository\org\mongodb\mongodb-driver\3.3.0\mongodb-driver-3.3.0.jar;C:\Users\manjeeri\.m2\repository\org\mongodb\bson\3.3.0\bson-3.3.0.jar;C:\Users\manjeeri\.m2\repository\org\mongodb\mongodb-driver-core\3.3.0\mongodb-driver-core-3.3.0.jar;"/>
    <property name="sun.cpu.endian" value="little"/>
    <property name="user.home" value="C:\Users\manjeeri"/>
    <property name="user.language" value="en"/>
    <property name="java.specification.vendor" value="Oracle Corporation"/>
    <property name="java.version.date" value="2019-01-15"/>
    <property name="java.home" value="D:\Java\jdk-11.0.2_windows-x64_bin\jdk-11.0.2"/>
    <property name="file.separator" value="\"/>
    <property name="basedir" value="E:\eclipse workspace\RestAssuredRestAPITesting_Employee_Project"/>
    <property name="java.vm.compressedOopsMode" value="32-bit"/>
    <property name="line.separator" value="&#10;"/>
    <property name="java.specification.name" value="Java Platform API Specification"/>
    <property name="java.vm.specification.vendor" value="Oracle Corporation"/>
    <property name="java.awt.graphicsenv" value="sun.awt.Win32GraphicsEnvironment"/>
    <property name="surefire.real.class.path" value="C:\Users\manjeeri\AppData\Local\Temp\surefire13637009093801663657\surefirebooter315863540211085823.jar"/>
    <property name="user.script" value=""/>
    <property name="sun.management.compiler" value="HotSpot 64-Bit Tiered Compilers"/>
    <property name="java.runtime.version" value="11.0.2+9-LTS"/>
    <property name="user.name" value="manjeeri"/>
    <property name="path.separator" value=";"/>
    <property name="os.version" value="10.0"/>
    <property name="java.runtime.name" value="Java(TM) SE Runtime Environment"/>
    <property name="file.encoding" value="Cp1252"/>
    <property name="java.vm.name" value="Java HotSpot(TM) 64-Bit Server VM"/>
    <property name="java.vendor.version" value="18.9"/>
    <property name="localRepository" value="C:\Users\manjeeri\.m2\repository"/>
    <property name="java.vendor.url.bug" value="http://bugreport.java.com/bugreport/"/>
    <property name="java.io.tmpdir" value="C:\Users\manjeeri\AppData\Local\Temp\"/>
    <property name="java.version" value="11.0.2"/>
    <property name="user.dir" value="E:\eclipse workspace\RestAssuredRestAPITesting_Employee_Project"/>
    <property name="os.arch" value="amd64"/>
    <property name="java.vm.specification.name" value="Java Virtual Machine Specification"/>
    <property name="java.awt.printerjob" value="sun.awt.windows.WPrinterJob"/>
    <property name="sun.os.patch.level" value=""/>
    <property name="java.library.path" value="D:\Java\jdk-11.0.2_windows-x64_bin\jdk-11.0.2\bin;C:\WINDOWS\Sun\Java\bin;C:\WINDOWS\system32;C:\WINDOWS;C:\WINDOWS;C:\WINDOWS\System32\Wbem;C:\WINDOWS\System32\WindowsPowerShell\v1.0\;E:\testing stuff\apache-maven-3.6.3\bin;D:\Java\jdk-11.0.2_windows-x64_bin\jdk-11.0.2\bin;C:\Program Files (x86)\MySQL\MySQL Utilities 1.3.5\;C:\Program Files\Git\cmd;C:\WINDOWS\system32;C:\WINDOWS\System32\OpenSSH\;C:\Program Files\nodejs\;E:\Android\sdk\platform-tools;E:\Android\sdk\tools;E:\Android\sdk\tools\bin;C:\Users\manjeeri\AppData\Local\Programs\Python\Python39;C:\Users\manjeeri\AppData\Local\Programs\Python\Python39\Scripts;E:\testing stuff\allure-commandline-2.13.3\allure-2.13.3\bin;C:\Users\manjeeri\AppData\Local\Microsoft\WindowsApps;C:\Users\manjeeri\AppData\Local\Android\Sdk\tools;C:\Users\manjeeri\AppData\Local\Android\Sdk\platform-tools;C:\Users\manjeeri\AppData\Local\Android\Sdk\emulator;C:\Users\manjeeri\AppData\Local\Android\Sdk\tools\bin;C:\Users\manjeeri\AppData\Roaming\npm;C:\Program Files\nodejs\node_modules\npm\bin;E:\testing stuff\sdk-tools-windows-4333796\platform-tools;E:\testing stuff\sdk-tools-windows-4333796\tools;E:\testing stuff\sdk-tools-windows-4333796\tools\bin;C:\Users\manjeeri\AppData\Local\Programs\Microsoft VS Code\bin;E:\testing stuff\apache-maven-3.6.3\bin;C:\Program Files\Java\jdk-11.0.11\bin;;."/>
    <property name="java.vendor" value="Oracle Corporation"/>
    <property name="java.vm.info" value="mixed mode"/>
    <property name="java.vm.version" value="11.0.2+9-LTS"/>
    <property name="sun.io.unicode.encoding" value="UnicodeLittle"/>
    <property name="java.class.version" value="55.0"/>
  </properties>
  <testcase name="checkContentEncoding" classname="com.employee_api.TestCases.TC001_GetAllEmployees" time="0.014">
    <system-out><![CDATA[[TestNGContentHandler] [WARN] It is strongly recommended to add "<!DOCTYPE suite SYSTEM "https://testng.org/testng-1.0.dtd" >" at the top of the suite file [E:\eclipse workspace\RestAssuredRestAPITesting_Employee_Project\testng.xml] otherwise TestNG may fail or not work as expected.
06-18-2021 00:49:52 TC001_GetAllEmployees.java INFO  [main] EmployeeRestAPI 20 - Started Test case 001
06-18-2021 00:50:07 TC001_GetAllEmployees.java INFO  [main] EmployeeRestAPI 25 - checking Response body
Response body{"status":"success","data":[{"id":1,"employee_name":"Tiger Nixon","employee_salary":320800,"employee_age":61,"profile_image":""},{"id":2,"employee_name":"Garrett Winters","employee_salary":170750,"employee_age":63,"profile_image":""},{"id":3,"employee_name":"Ashton Cox","employee_salary":86000,"employee_age":66,"profile_image":""},{"id":4,"employee_name":"Cedric Kelly","employee_salary":433060,"employee_age":22,"profile_image":""},{"id":5,"employee_name":"Airi Satou","employee_salary":162700,"employee_age":33,"profile_image":""},{"id":6,"employee_name":"Brielle Williamson","employee_salary":372000,"employee_age":61,"profile_image":""},{"id":7,"employee_name":"Herrod Chandler","employee_salary":137500,"employee_age":59,"profile_image":""},{"id":8,"employee_name":"Rhona Davidson","employee_salary":327900,"employee_age":55,"profile_image":""},{"id":9,"employee_name":"Colleen Hurst","employee_salary":205500,"employee_age":39,"profile_image":""},{"id":10,"employee_name":"Sonya Frost","employee_salary":103600,"employee_age":23,"profile_image":""},{"id":11,"employee_name":"Jena Gaines","employee_salary":90560,"employee_age":30,"profile_image":""},{"id":12,"employee_name":"Quinn Flynn","employee_salary":342000,"employee_age":22,"profile_image":""},{"id":13,"employee_name":"Charde Marshall","employee_salary":470600,"employee_age":36,"profile_image":""},{"id":14,"employee_name":"Haley Kennedy","employee_salary":313500,"employee_age":43,"profile_image":""},{"id":15,"employee_name":"Tatyana Fitzpatrick","employee_salary":385750,"employee_age":19,"profile_image":""},{"id":16,"employee_name":"Michael Silva","employee_salary":198500,"employee_age":66,"profile_image":""},{"id":17,"employee_name":"Paul Byrd","employee_salary":725000,"employee_age":64,"profile_image":""},{"id":18,"employee_name":"Gloria Little","employee_salary":237500,"employee_age":59,"profile_image":""},{"id":19,"employee_name":"Bradley Greer","employee_salary":132000,"employee_age":41,"profile_image":""},{"id":20,"employee_name":"Dai Rios","employee_salary":217500,"employee_age":35,"profile_image":""},{"id":21,"employee_name":"Jenette Caldwell","employee_salary":345000,"employee_age":30,"profile_image":""},{"id":22,"employee_name":"Yuri Berry","employee_salary":675000,"employee_age":40,"profile_image":""},{"id":23,"employee_name":"Caesar Vance","employee_salary":106450,"employee_age":21,"profile_image":""},{"id":24,"employee_name":"Doris Wilder","employee_salary":85600,"employee_age":23,"profile_image":""}],"message":"Successfully! All records has been fetched."}
06-18-2021 00:50:11 TC001_GetAllEmployees.java INFO  [main] EmployeeRestAPI 98 - Checking content encoding
Content encoding isgzip
]]></system-out>
    <system-err><![CDATA[SLF4J: Failed to load class "org.slf4j.impl.StaticLoggerBinder".
SLF4J: Defaulting to no-operation (NOP) logger implementation
SLF4J: See http://www.slf4j.org/codes.html#StaticLoggerBinder for further details.
]]></system-err>
  </testcase>
  <testcase name="checkContentLength" classname="com.employee_api.TestCases.TC001_GetAllEmployees" time="0.014">
    <system-out><![CDATA[06-18-2021 00:50:11 TC001_GetAllEmployees.java INFO  [main] EmployeeRestAPI 109 - Checking content length
Content-length is631
]]></system-out>
  </testcase>
  <testcase name="checkCookies" classname="com.employee_api.TestCases.TC001_GetAllEmployees" time="0.01">
    <system-out><![CDATA[06-18-2021 00:50:11 TC001_GetAllEmployees.java INFO  [main] EmployeeRestAPI 121 - Checking cookies
]]></system-out>
  </testcase>
  <testcase name="checkResponseBody" classname="com.employee_api.TestCases.TC001_GetAllEmployees" time="0.245">
    <system-out><![CDATA[06-18-2021 00:50:11 TC001_GetAllEmployees.java INFO  [main] EmployeeRestAPI 35 - checking Response body
Response body{"status":"success","data":[{"id":1,"employee_name":"Tiger Nixon","employee_salary":320800,"employee_age":61,"profile_image":""},{"id":2,"employee_name":"Garrett Winters","employee_salary":170750,"employee_age":63,"profile_image":""},{"id":3,"employee_name":"Ashton Cox","employee_salary":86000,"employee_age":66,"profile_image":""},{"id":4,"employee_name":"Cedric Kelly","employee_salary":433060,"employee_age":22,"profile_image":""},{"id":5,"employee_name":"Airi Satou","employee_salary":162700,"employee_age":33,"profile_image":""},{"id":6,"employee_name":"Brielle Williamson","employee_salary":372000,"employee_age":61,"profile_image":""},{"id":7,"employee_name":"Herrod Chandler","employee_salary":137500,"employee_age":59,"profile_image":""},{"id":8,"employee_name":"Rhona Davidson","employee_salary":327900,"employee_age":55,"profile_image":""},{"id":9,"employee_name":"Colleen Hurst","employee_salary":205500,"employee_age":39,"profile_image":""},{"id":10,"employee_name":"Sonya Frost","employee_salary":103600,"employee_age":23,"profile_image":""},{"id":11,"employee_name":"Jena Gaines","employee_salary":90560,"employee_age":30,"profile_image":""},{"id":12,"employee_name":"Quinn Flynn","employee_salary":342000,"employee_age":22,"profile_image":""},{"id":13,"employee_name":"Charde Marshall","employee_salary":470600,"employee_age":36,"profile_image":""},{"id":14,"employee_name":"Haley Kennedy","employee_salary":313500,"employee_age":43,"profile_image":""},{"id":15,"employee_name":"Tatyana Fitzpatrick","employee_salary":385750,"employee_age":19,"profile_image":""},{"id":16,"employee_name":"Michael Silva","employee_salary":198500,"employee_age":66,"profile_image":""},{"id":17,"employee_name":"Paul Byrd","employee_salary":725000,"employee_age":64,"profile_image":""},{"id":18,"employee_name":"Gloria Little","employee_salary":237500,"employee_age":59,"profile_image":""},{"id":19,"employee_name":"Bradley Greer","employee_salary":132000,"employee_age":41,"profile_image":""},{"id":20,"employee_name":"Dai Rios","employee_salary":217500,"employee_age":35,"profile_image":""},{"id":21,"employee_name":"Jenette Caldwell","employee_salary":345000,"employee_age":30,"profile_image":""},{"id":22,"employee_name":"Yuri Berry","employee_salary":675000,"employee_age":40,"profile_image":""},{"id":23,"employee_name":"Caesar Vance","employee_salary":106450,"employee_age":21,"profile_image":""},{"id":24,"employee_name":"Doris Wilder","employee_salary":85600,"employee_age":23,"profile_image":""}],"message":"Successfully! All records has been fetched."}
]]></system-out>
  </testcase>
  <testcase name="checkResponseTime" classname="com.employee_api.TestCases.TC001_GetAllEmployees" time="0.018">
    <system-out><![CDATA[06-18-2021 00:50:11 TC001_GetAllEmployees.java INFO  [main] EmployeeRestAPI 51 - Checking response time
response time is8440
06-18-2021 00:50:11 TC001_GetAllEmployees.java WARN  [main] EmployeeRestAPI 57 - Response time is greater than 2000
]]></system-out>
  </testcase>
  <testcase name="checkServerType" classname="com.employee_api.TestCases.TC001_GetAllEmployees" time="0.01">
    <system-out><![CDATA[06-18-2021 00:50:11 TC001_GetAllEmployees.java INFO  [main] EmployeeRestAPI 88 - Checking server type
Server Type iscloudflare
]]></system-out>
  </testcase>
  <testcase name="checkStatusCode" classname="com.employee_api.TestCases.TC001_GetAllEmployees" time="0.007">
    <system-out><![CDATA[06-18-2021 00:50:11 TC001_GetAllEmployees.java INFO  [main] EmployeeRestAPI 43 - Checking status code
Check stats code200
]]></system-out>
  </testcase>
  <testcase name="checkStatusLine" classname="com.employee_api.TestCases.TC001_GetAllEmployees" time="0.01">
    <system-out><![CDATA[06-18-2021 00:50:11 TC001_GetAllEmployees.java INFO  [main] EmployeeRestAPI 66 - Checking Status line
Status line isHTTP/1.1 200 OK
]]></system-out>
  </testcase>
  <testcase name="contentType" classname="com.employee_api.TestCases.TC001_GetAllEmployees" time="0.01">
    <system-out><![CDATA[06-18-2021 00:50:11 TC001_GetAllEmployees.java INFO  [main] EmployeeRestAPI 78 - Checking Content Type
Content Type isapplication/json
]]></system-out>
  </testcase>
  <testcase name="checkContentEncoding" classname="com.employee_api.TestCases.TC002_Get_Employee" time="0.108">
    <system-out><![CDATA[06-18-2021 00:50:11 TC001_GetAllEmployees.java INFO  [main] EmployeeRestAPI 127 - Test Cases finished
06-18-2021 00:50:11 TC002_Get_Employee.java INFO  [main] EmployeeRestAPI 18 - Starting TestCase 002
 response body{"status":"success","data":{"id":6,"employee_name":"Brielle Williamson","employee_salary":372000,"employee_age":61,"profile_image":""},"message":"Successfully! Record has been fetched."}
06-18-2021 00:50:15 TC002_Get_Employee.java INFO  [main] EmployeeRestAPI 95 - Checking content encoding
Content encoding isgzip
]]></system-out>
  </testcase>
  <testcase name="checkContentLength" classname="com.employee_api.TestCases.TC002_Get_Employee" time="0.028">
    <failure message="null" type="java.lang.NumberFormatException"><![CDATA[java.lang.NumberFormatException: null
	at com.employee_api.TestCases.TC002_Get_Employee.checkContentLength(TC002_Get_Employee.java:108)
]]></failure>
    <system-out><![CDATA[06-18-2021 00:50:15 TC002_Get_Employee.java INFO  [main] EmployeeRestAPI 106 - Checking content length
]]></system-out>
  </testcase>
  <testcase name="checkEmployeeIdinResponse" classname="com.employee_api.TestCases.TC002_Get_Employee" time="0"/>
  <testcase name="checkResponseTime" classname="com.employee_api.TestCases.TC002_Get_Employee" time="0.029">
    <system-out><![CDATA[06-18-2021 00:50:15 TC002_Get_Employee.java INFO  [main] EmployeeRestAPI 58 - Checking response time
response time is1302
]]></system-out>
  </testcase>
  <testcase name="checkServerType" classname="com.employee_api.TestCases.TC002_Get_Employee" time="0.028">
    <system-out><![CDATA[06-18-2021 00:50:15 TC002_Get_Employee.java INFO  [main] EmployeeRestAPI 85 - Checking server type
Server Type iscloudflare
]]></system-out>
  </testcase>
  <testcase name="checkStatusCode" classname="com.employee_api.TestCases.TC002_Get_Employee" time="0.027">
    <system-out><![CDATA[06-18-2021 00:50:15 TC002_Get_Employee.java INFO  [main] EmployeeRestAPI 39 - Checking status code
Check stats code200
]]></system-out>
  </testcase>
  <testcase name="checkStatusLine" classname="com.employee_api.TestCases.TC002_Get_Employee" time="0.044">
    <system-out><![CDATA[06-18-2021 00:50:15 TC002_Get_Employee.java INFO  [main] EmployeeRestAPI 47 - Checking Status line
Status line isHTTP/1.1 200 OK
]]></system-out>
  </testcase>
  <testcase name="contentType" classname="com.employee_api.TestCases.TC002_Get_Employee" time="0.046">
    <system-out><![CDATA[06-18-2021 00:50:15 TC002_Get_Employee.java INFO  [main] EmployeeRestAPI 75 - Checking Content Type
Content Type isapplication/json
]]></system-out>
  </testcase>
  <testcase name="checkContentEncoding" classname="com.employee_api.TestCases.TC003_Post_EmployeeData" time="0.05">
    <system-out><![CDATA[06-18-2021 00:50:15 TC002_Get_Employee.java INFO  [main] EmployeeRestAPI 119 - Test Cases finished
06-18-2021 00:50:15 TC003_Post_EmployeeData.java INFO  [main] EmployeeRestAPI 29 - Started Test Case 003
Response Body is{"status":"success","data":{"name":"johnXQO","salary":"8501","age":"13","id":1180},"message":"Successfully! Record has been added."}
06-18-2021 00:50:22 TC003_Post_EmployeeData.java INFO  [main] EmployeeRestAPI 125 - Checking content encoding
Content encoding isgzip
]]></system-out>
  </testcase>
  <testcase name="checkContentLength" classname="com.employee_api.TestCases.TC003_Post_EmployeeData" time="0.033">
    <failure message="null" type="java.lang.NumberFormatException"><![CDATA[java.lang.NumberFormatException: null
	at com.employee_api.TestCases.TC003_Post_EmployeeData.checkContentLength(TC003_Post_EmployeeData.java:138)
]]></failure>
    <system-out><![CDATA[06-18-2021 00:50:22 TC003_Post_EmployeeData.java INFO  [main] EmployeeRestAPI 136 - Checking content length
]]></system-out>
  </testcase>
  <testcase name="checkResponseBody" classname="com.employee_api.TestCases.TC003_Post_EmployeeData" time="0.029">
    <system-out><![CDATA[06-18-2021 00:50:22 TC003_Post_EmployeeData.java INFO  [main] EmployeeRestAPI 79 - Checking Response Body
]]></system-out>
  </testcase>
  <testcase name="checkResponseTime" classname="com.employee_api.TestCases.TC003_Post_EmployeeData" time="0.051">
    <system-out><![CDATA[06-18-2021 00:50:22 TC003_Post_EmployeeData.java INFO  [main] EmployeeRestAPI 88 - Checking response time
response time is1665
]]></system-out>
  </testcase>
  <testcase name="checkServerType" classname="com.employee_api.TestCases.TC003_Post_EmployeeData" time="0.044">
    <system-out><![CDATA[06-18-2021 00:50:22 TC003_Post_EmployeeData.java INFO  [main] EmployeeRestAPI 115 - Checking server type
Server Type iscloudflare
]]></system-out>
  </testcase>
  <testcase name="checkStatusCode" classname="com.employee_api.TestCases.TC003_Post_EmployeeData" time="0.06">
    <system-out><![CDATA[06-18-2021 00:50:22 TC003_Post_EmployeeData.java INFO  [main] EmployeeRestAPI 60 - Checking status code
Check stats code200
]]></system-out>
  </testcase>
  <testcase name="checkStatusLine" classname="com.employee_api.TestCases.TC003_Post_EmployeeData" time="0.039">
    <system-out><![CDATA[06-18-2021 00:50:22 TC003_Post_EmployeeData.java INFO  [main] EmployeeRestAPI 68 - Checking Status line
Status line isHTTP/1.1 200 OK
]]></system-out>
  </testcase>
  <testcase name="contentType" classname="com.employee_api.TestCases.TC003_Post_EmployeeData" time="0.023">
    <system-out><![CDATA[06-18-2021 00:50:22 TC003_Post_EmployeeData.java INFO  [main] EmployeeRestAPI 105 - Checking Content Type
Content Type isapplication/json
]]></system-out>
  </testcase>
  <testcase name="checkContentEncoding" classname="com.employee_api.TestCases.TC004_PUT_Employee" time="0.012">
    <system-out><![CDATA[06-18-2021 00:50:22 TC003_Post_EmployeeData.java INFO  [main] EmployeeRestAPI 149 - Test Cases finished
06-18-2021 00:50:22 TC004_PUT_Employee.java INFO  [main] EmployeeRestAPI 29 - Started Test Case 003
Response Body is{"status":"success","data":{"name":"johnQvd","salary":"2827","age":"98"},"message":"Successfully! Record has been updated."}
06-18-2021 00:50:29 TC004_PUT_Employee.java INFO  [main] EmployeeRestAPI 125 - Checking content encoding
Content encoding isgzip
]]></system-out>
  </testcase>
  <testcase name="checkContentLength" classname="com.employee_api.TestCases.TC004_PUT_Employee" time="0.008">
    <failure message="null" type="java.lang.NumberFormatException"><![CDATA[java.lang.NumberFormatException: null
	at com.employee_api.TestCases.TC004_PUT_Employee.checkContentLength(TC004_PUT_Employee.java:138)
]]></failure>
    <system-out><![CDATA[06-18-2021 00:50:29 TC004_PUT_Employee.java INFO  [main] EmployeeRestAPI 136 - Checking content length
]]></system-out>
  </testcase>
  <testcase name="checkResponseBody" classname="com.employee_api.TestCases.TC004_PUT_Employee" time="0.008">
    <system-out><![CDATA[06-18-2021 00:50:29 TC004_PUT_Employee.java INFO  [main] EmployeeRestAPI 79 - Checking Response Body
]]></system-out>
  </testcase>
  <testcase name="checkResponseTime" classname="com.employee_api.TestCases.TC004_PUT_Employee" time="0.008">
    <system-out><![CDATA[06-18-2021 00:50:29 TC004_PUT_Employee.java INFO  [main] EmployeeRestAPI 88 - Checking response time
response time is1597
]]></system-out>
  </testcase>
  <testcase name="checkServerType" classname="com.employee_api.TestCases.TC004_PUT_Employee" time="0.011">
    <system-out><![CDATA[06-18-2021 00:50:29 TC004_PUT_Employee.java INFO  [main] EmployeeRestAPI 115 - Checking server type
Server Type iscloudflare
]]></system-out>
  </testcase>
  <testcase name="checkStatusCode" classname="com.employee_api.TestCases.TC004_PUT_Employee" time="0.007">
    <system-out><![CDATA[06-18-2021 00:50:29 TC004_PUT_Employee.java INFO  [main] EmployeeRestAPI 60 - Checking status code
Check stats code200
]]></system-out>
  </testcase>
  <testcase name="checkStatusLine" classname="com.employee_api.TestCases.TC004_PUT_Employee" time="0.011">
    <system-out><![CDATA[06-18-2021 00:50:29 TC004_PUT_Employee.java INFO  [main] EmployeeRestAPI 68 - Checking Status line
Status line isHTTP/1.1 200 OK
]]></system-out>
  </testcase>
  <testcase name="contentType" classname="com.employee_api.TestCases.TC004_PUT_Employee" time="0.01">
    <system-out><![CDATA[06-18-2021 00:50:29 TC004_PUT_Employee.java INFO  [main] EmployeeRestAPI 105 - Checking Content Type
Content Type isapplication/json
]]></system-out>
  </testcase>
</testsuite>