<?xml version="1.0" encoding="UTF-8"?>
<!-- Generated by org.testng.reporters.JUnitReportReporter -->
<testsuite hostname="DESKTOP-62NCO35" failures="0" tests="9" name="com.employee_api.TestCases.TC001_GetAllEmployees" time="0.076" errors="0" timestamp="2021-06-18T00:50:30 PDT" skipped="0">
  <testcase classname="com.employee_api.TestCases.TC001_GetAllEmployees" name="checkServerType" time="0.004"/>
  <system-out/>
  <testcase classname="com.employee_api.TestCases.TC001_GetAllEmployees" name="checkStatusLine" time="0.004"/>
  <system-out/>
  <testcase classname="com.employee_api.TestCases.TC001_GetAllEmployees" name="checkContentEncoding" time="0.025"/>
  <system-out/>
  <testcase classname="com.employee_api.TestCases.TC001_GetAllEmployees" name="checkStatusCode" time="0.004"/>
  <system-out/>
  <testcase classname="com.employee_api.TestCases.TC001_GetAllEmployees" name="checkResponseBody" time="0.011"/>
  <system-out/>
  <testcase classname="com.employee_api.TestCases.TC001_GetAllEmployees" name="contentType" time="0.003"/>
  <system-out/>
  <testcase classname="com.employee_api.TestCases.TC001_GetAllEmployees" name="checkResponseTime" time="0.013"/>
  <system-out/>
  <testcase classname="com.employee_api.TestCases.TC001_GetAllEmployees" name="checkCookies" time="0.003"/>
  <system-out/>
  <testcase classname="com.employee_api.TestCases.TC001_GetAllEmployees" name="checkContentLength" time="0.009"/>
  <system-out/>
</testsuite> <!-- com.employee_api.TestCases.TC001_GetAllEmployees -->
