<?xml version="1.0" encoding="UTF-8"?>
<!-- Generated by org.testng.reporters.JUnitReportReporter -->
<testsuite hostname="DESKTOP-62NCO35" failures="0" tests="8" name="com.employee_api.TestCases.TC003_Post_EmployeeData" time="0.027" errors="1" timestamp="2021-06-18T00:50:30 PDT" skipped="0">
  <testcase classname="com.employee_api.TestCases.TC003_Post_EmployeeData" name="checkResponseBody" time="0.003"/>
  <system-out/>
  <testcase classname="com.employee_api.TestCases.TC003_Post_EmployeeData" name="checkServerType" time="0.006"/>
  <system-out/>
  <testcase classname="com.employee_api.TestCases.TC003_Post_EmployeeData" name="checkContentEncoding" time="0.004"/>
  <system-out/>
  <testcase classname="com.employee_api.TestCases.TC003_Post_EmployeeData" name="contentType" time="0.003"/>
  <system-out/>
  <testcase classname="com.employee_api.TestCases.TC003_Post_EmployeeData" name="checkStatusCode" time="0.003"/>
  <system-out/>
  <testcase classname="com.employee_api.TestCases.TC003_Post_EmployeeData" name="checkContentLength" time="0.002">
    <error message="null" type="java.lang.NumberFormatException">
      <![CDATA[java.lang.NumberFormatException: null
at java.base/java.lang.Integer.parseInt(Integer.java:614)
at java.base/java.lang.Integer.parseInt(Integer.java:770)
at com.employee_api.TestCases.TC003_Post_EmployeeData.checkContentLength(TC003_Post_EmployeeData.java:138)
at java.base/jdk.internal.reflect.NativeMethodAccessorImpl.invoke0(Native Method)
at java.base/jdk.internal.reflect.NativeMethodAccessorImpl.invoke(NativeMethodAccessorImpl.java:62)
at java.base/jdk.internal.reflect.DelegatingMethodAccessorImpl.invoke(DelegatingMethodAccessorImpl.java:43)
at java.base/java.lang.reflect.Method.invoke(Method.java:566)
at org.testng.internal.MethodInvocationHelper.invokeMethod(MethodInvocationHelper.java:133)
at org.testng.internal.TestInvoker.invokeMethod(TestInvoker.java:598)
at org.testng.internal.TestInvoker.invokeTestMethod(TestInvoker.java:173)
at org.testng.internal.MethodRunner.runInSequence(MethodRunner.java:46)
at org.testng.internal.TestInvoker$MethodInvocationAgent.invoke(TestInvoker.java:824)
at org.testng.internal.TestInvoker.invokeTestMethods(TestInvoker.java:146)
at org.testng.internal.TestMethodWorker.invokeTestMethods(TestMethodWorker.java:146)
at org.testng.internal.TestMethodWorker.run(TestMethodWorker.java:128)
at java.base/java.util.ArrayList.forEach(ArrayList.java:1540)
at org.testng.TestRunner.privateRun(TestRunner.java:794)
at org.testng.TestRunner.run(TestRunner.java:596)
at org.testng.SuiteRunner.runTest(SuiteRunner.java:377)
at org.testng.SuiteRunner.runSequentially(SuiteRunner.java:371)
at org.testng.SuiteRunner.privateRun(SuiteRunner.java:332)
at org.testng.SuiteRunner.run(SuiteRunner.java:276)
at org.testng.SuiteRunnerWorker.runSuite(SuiteRunnerWorker.java:53)
at org.testng.SuiteRunnerWorker.run(SuiteRunnerWorker.java:96)
at org.testng.TestNG.runSuitesSequentially(TestNG.java:1212)
at org.testng.TestNG.runSuitesLocally(TestNG.java:1134)
at org.testng.TestNG.runSuites(TestNG.java:1063)
at org.testng.TestNG.run(TestNG.java:1031)
at org.apache.maven.surefire.testng.TestNGExecutor.run(TestNGExecutor.java:284)
at org.apache.maven.surefire.testng.TestNGXmlTestSuite.execute(TestNGXmlTestSuite.java:75)
at org.apache.maven.surefire.testng.TestNGProvider.invoke(TestNGProvider.java:119)
at org.apache.maven.surefire.booter.ForkedBooter.runSuitesInProcess(ForkedBooter.java:428)
at org.apache.maven.surefire.booter.ForkedBooter.execute(ForkedBooter.java:162)
at org.apache.maven.surefire.booter.ForkedBooter.run(ForkedBooter.java:562)
at org.apache.maven.surefire.booter.ForkedBooter.main(ForkedBooter.java:548)
]]>
    </error>
  </testcase> <!-- checkContentLength -->
  <system-out/>
  <testcase classname="com.employee_api.TestCases.TC003_Post_EmployeeData" name="checkStatusLine" time="0.003"/>
  <system-out/>
  <testcase classname="com.employee_api.TestCases.TC003_Post_EmployeeData" name="checkResponseTime" time="0.003"/>
  <system-out/>
</testsuite> <!-- com.employee_api.TestCases.TC003_Post_EmployeeData -->
